<?xml version="1.0" encoding="UTF-8"?>
<testsuite name="Login1" tests="1" skipped="0" failures="0" errors="0" timestamp="2022-09-11T16:51:24" hostname="DESKTOP-FMI0Q92" time="18.551">
  <properties/>
  <testcase name="login1" classname="Login1" time="18.551"/>
  <system-out><![CDATA[]]></system-out>
  <system-err><![CDATA[Starting ChromeDriver 104.0.5112.79 (3cf3e8c8a07d104b9e1260c910efb8f383285dc5-refs/branch-heads/5112@{#1307}) on port 53251
Only local connections are allowed.
Please see https://chromedriver.chromium.org/security-considerations for suggestions on keeping ChromeDriver safe.
ChromeDriver was started successfully.
[1662915089.115][WARNING]: This version of ChromeDriver has not been tested with Chrome version 105.
сент. 11, 2022 7:51:29 PM org.openqa.selenium.remote.ProtocolHandshake createSession
INFO: Detected upstream dialect: W3C
сент. 11, 2022 7:51:29 PM org.openqa.selenium.devtools.CdpVersionFinder findNearestMatch
WARNING: Unable to find an exact match for CDP version 105, so returning the closest version found: 104
сент. 11, 2022 7:51:29 PM org.openqa.selenium.devtools.CdpVersionFinder findNearestMatch
INFO: Found CDP implementation for version 105 of 104
]]></system-err>
</testsuite>
